{"/home/vboxuser/qa-auto-engineer-javascript-project-87/src/buildDiff.js": {"path":"/home/vboxuser/qa-auto-engineer-javascript-project-87/src/buildDiff.js","statementMap":{"0":{"start":{"line":1,"column":18},"end":{"line":61,"column":1}},"1":{"start":{"line":2,"column":15},"end":{"line":2,"column":89}},"2":{"start":{"line":4,"column":2},"end":{"line":60,"column":4}},"3":{"start":{"line":5,"column":19},"end":{"line":5,"column":29}},"4":{"start":{"line":6,"column":19},"end":{"line":6,"column":29}},"5":{"start":{"line":8,"column":4},"end":{"line":16,"column":5}},"6":{"start":{"line":9,"column":6},"end":{"line":15,"column":7}},"7":{"start":{"line":18,"column":4},"end":{"line":26,"column":5}},"8":{"start":{"line":19,"column":6},"end":{"line":25,"column":7}},"9":{"start":{"line":28,"column":4},"end":{"line":41,"column":5}},"10":{"start":{"line":34,"column":6},"end":{"line":40,"column":7}},"11":{"start":{"line":43,"column":4},"end":{"line":51,"column":5}},"12":{"start":{"line":44,"column":6},"end":{"line":50,"column":7}},"13":{"start":{"line":53,"column":4},"end":{"line":59,"column":5}}},"fnMap":{"0":{"name":"(anonymous_0)","decl":{"start":{"line":1,"column":18},"end":{"line":1,"column":19}},"loc":{"start":{"line":1,"column":36},"end":{"line":61,"column":1}},"line":1},"1":{"name":"(anonymous_1)","decl":{"start":{"line":4,"column":18},"end":{"line":4,"column":19}},"loc":{"start":{"line":4,"column":27},"end":{"line":60,"column":3}},"line":4}},"branchMap":{"0":{"loc":{"start":{"line":8,"column":4},"end":{"line":16,"column":5}},"type":"if","locations":[{"start":{"line":8,"column":4},"end":{"line":16,"column":5}},{"start":{},"end":{}}],"line":8},"1":{"loc":{"start":{"line":18,"column":4},"end":{"line":26,"column":5}},"type":"if","locations":[{"start":{"line":18,"column":4},"end":{"line":26,"column":5}},{"start":{},"end":{}}],"line":18},"2":{"loc":{"start":{"line":28,"column":4},"end":{"line":41,"column":5}},"type":"if","locations":[{"start":{"line":28,"column":4},"end":{"line":41,"column":5}},{"start":{},"end":{}}],"line":28},"3":{"loc":{"start":{"line":29,"column":6},"end":{"line":32,"column":24}},"type":"binary-expr","locations":[{"start":{"line":29,"column":6},"end":{"line":29,"column":32}},{"start":{"line":30,"column":9},"end":{"line":30,"column":24}},{"start":{"line":31,"column":9},"end":{"line":31,"column":35}},{"start":{"line":32,"column":9},"end":{"line":32,"column":24}}],"line":29},"4":{"loc":{"start":{"line":43,"column":4},"end":{"line":51,"column":5}},"type":"if","locations":[{"start":{"line":43,"column":4},"end":{"line":51,"column":5}},{"start":{},"end":{}}],"line":43}},"s":{"0":1,"1":4,"2":4,"3":20,"4":20,"5":20,"6":4,"7":16,"8":8,"9":8,"10":0,"11":8,"12":4,"13":4},"f":{"0":4,"1":20},"b":{"0":[4,16],"1":[8,8],"2":[0,8],"3":[8,0,0,0],"4":[4,4]},"inputSourceMap":null,"_coverageSchema":"1a1c01bbd47fc00a2c39e90264f33305004495a9","hash":"78b3e64851c75f2c0f28f8a1436df9a26f45329f"}
,"/home/vboxuser/qa-auto-engineer-javascript-project-87/src/genDiff.js": {"path":"/home/vboxuser/qa-auto-engineer-javascript-project-87/src/genDiff.js","statementMap":{"0":{"start":{"line":5,"column":16},"end":{"line":11,"column":1}},"1":{"start":{"line":6,"column":16},"end":{"line":6,"column":40}},"2":{"start":{"line":7,"column":16},"end":{"line":7,"column":40}},"3":{"start":{"line":8,"column":15},"end":{"line":8,"column":38}},"4":{"start":{"line":10,"column":2},"end":{"line":10,"column":33}}},"fnMap":{"0":{"name":"(anonymous_0)","decl":{"start":{"line":5,"column":16},"end":{"line":5,"column":17}},"loc":{"start":{"line":5,"column":66},"end":{"line":11,"column":1}},"line":5}},"branchMap":{"0":{"loc":{"start":{"line":5,"column":39},"end":{"line":5,"column":61}},"type":"default-arg","locations":[{"start":{"line":5,"column":52},"end":{"line":5,"column":61}}],"line":5}},"s":{"0":1,"1":4,"2":4,"3":4,"4":4},"f":{"0":4},"b":{"0":[1]},"inputSourceMap":null,"_coverageSchema":"1a1c01bbd47fc00a2c39e90264f33305004495a9","hash":"15c39dc28a706845d09099301522a689f8fbc02d"}
,"/home/vboxuser/qa-auto-engineer-javascript-project-87/src/getParsedFile.js": {"path":"/home/vboxuser/qa-auto-engineer-javascript-project-87/src/getParsedFile.js","statementMap":{"0":{"start":{"line":5,"column":22},"end":{"line":9,"column":1}},"1":{"start":{"line":6,"column":18},"end":{"line":6,"column":52}},"2":{"start":{"line":7,"column":14},"end":{"line":7,"column":45}},"3":{"start":{"line":8,"column":2},"end":{"line":8,"column":28}}},"fnMap":{"0":{"name":"(anonymous_0)","decl":{"start":{"line":5,"column":22},"end":{"line":5,"column":23}},"loc":{"start":{"line":5,"column":36},"end":{"line":9,"column":1}},"line":5}},"branchMap":{},"s":{"0":1,"1":8,"2":8,"3":8},"f":{"0":8},"b":{},"inputSourceMap":null,"_coverageSchema":"1a1c01bbd47fc00a2c39e90264f33305004495a9","hash":"64b78de59e0d78b18dc42dcb8b1c42111bf9845f"}
,"/home/vboxuser/qa-auto-engineer-javascript-project-87/src/parsers.js": {"path":"/home/vboxuser/qa-auto-engineer-javascript-project-87/src/parsers.js","statementMap":{"0":{"start":{"line":3,"column":14},"end":{"line":13,"column":1}},"1":{"start":{"line":4,"column":2},"end":{"line":12,"column":3}},"2":{"start":{"line":6,"column":6},"end":{"line":6,"column":29}},"3":{"start":{"line":9,"column":6},"end":{"line":9,"column":28}},"4":{"start":{"line":11,"column":6},"end":{"line":11,"column":50}}},"fnMap":{"0":{"name":"(anonymous_0)","decl":{"start":{"line":3,"column":14},"end":{"line":3,"column":15}},"loc":{"start":{"line":3,"column":32},"end":{"line":13,"column":1}},"line":3}},"branchMap":{"0":{"loc":{"start":{"line":4,"column":2},"end":{"line":12,"column":3}},"type":"switch","locations":[{"start":{"line":5,"column":4},"end":{"line":6,"column":29}},{"start":{"line":7,"column":4},"end":{"line":7,"column":15}},{"start":{"line":8,"column":4},"end":{"line":9,"column":28}},{"start":{"line":10,"column":4},"end":{"line":11,"column":50}}],"line":4}},"s":{"0":1,"1":8,"2":8,"3":0,"4":0},"f":{"0":8},"b":{"0":[8,0,0,0]},"inputSourceMap":null,"_coverageSchema":"1a1c01bbd47fc00a2c39e90264f33305004495a9","hash":"acb998b12da0ccc7665783fd700a8bde68d14cf9"}
,"/home/vboxuser/qa-auto-engineer-javascript-project-87/src/formatters/index.js": {"path":"/home/vboxuser/qa-auto-engineer-javascript-project-87/src/formatters/index.js","statementMap":{"0":{"start":{"line":5,"column":19},"end":{"line":9,"column":1}},"1":{"start":{"line":11,"column":15},"end":{"line":16,"column":1}},"2":{"start":{"line":12,"column":2},"end":{"line":14,"column":3}},"3":{"start":{"line":13,"column":4},"end":{"line":13,"column":52}},"4":{"start":{"line":15,"column":2},"end":{"line":15,"column":37}}},"fnMap":{"0":{"name":"(anonymous_0)","decl":{"start":{"line":11,"column":15},"end":{"line":11,"column":16}},"loc":{"start":{"line":11,"column":49},"end":{"line":16,"column":1}},"line":11}},"branchMap":{"0":{"loc":{"start":{"line":11,"column":22},"end":{"line":11,"column":44}},"type":"default-arg","locations":[{"start":{"line":11,"column":35},"end":{"line":11,"column":44}}],"line":11},"1":{"loc":{"start":{"line":12,"column":2},"end":{"line":14,"column":3}},"type":"if","locations":[{"start":{"line":12,"column":2},"end":{"line":14,"column":3}},{"start":{},"end":{}}],"line":12}},"s":{"0":1,"1":1,"2":4,"3":1,"4":3},"f":{"0":4},"b":{"0":[0],"1":[1,3]},"inputSourceMap":null,"_coverageSchema":"1a1c01bbd47fc00a2c39e90264f33305004495a9","hash":"bbc0231cebab8a3a0cb50941aad8149808684334"}
,"/home/vboxuser/qa-auto-engineer-javascript-project-87/src/formatters/json.js": {"path":"/home/vboxuser/qa-auto-engineer-javascript-project-87/src/formatters/json.js","statementMap":{"0":{"start":{"line":1,"column":13},"end":{"line":1,"column":50}},"1":{"start":{"line":1,"column":21},"end":{"line":1,"column":50}}},"fnMap":{"0":{"name":"(anonymous_0)","decl":{"start":{"line":1,"column":13},"end":{"line":1,"column":14}},"loc":{"start":{"line":1,"column":21},"end":{"line":1,"column":50}},"line":1}},"branchMap":{},"s":{"0":1,"1":1},"f":{"0":1},"b":{},"inputSourceMap":null,"_coverageSchema":"1a1c01bbd47fc00a2c39e90264f33305004495a9","hash":"196d4883c8083922f523212f90c2140425826e3e"}
,"/home/vboxuser/qa-auto-engineer-javascript-project-87/src/formatters/plain.js": {"path":"/home/vboxuser/qa-auto-engineer-javascript-project-87/src/formatters/plain.js","statementMap":{"0":{"start":{"line":1,"column":23},"end":{"line":5,"column":1}},"1":{"start":{"line":2,"column":2},"end":{"line":2,"column":35}},"2":{"start":{"line":2,"column":22},"end":{"line":2,"column":35}},"3":{"start":{"line":3,"column":2},"end":{"line":3,"column":57}},"4":{"start":{"line":3,"column":33},"end":{"line":3,"column":57}},"5":{"start":{"line":4,"column":2},"end":{"line":4,"column":22}},"6":{"start":{"line":7,"column":14},"end":{"line":30,"column":1}},"7":{"start":{"line":8,"column":15},"end":{"line":27,"column":15}},"8":{"start":{"line":8,"column":43},"end":{"line":27,"column":15}},"9":{"start":{"line":10,"column":26},"end":{"line":10,"column":77}},"10":{"start":{"line":12,"column":6},"end":{"line":25,"column":7}},"11":{"start":{"line":14,"column":10},"end":{"line":14,"column":96}},"12":{"start":{"line":16,"column":10},"end":{"line":16,"column":56}},"13":{"start":{"line":18,"column":10},"end":{"line":18,"column":128}},"14":{"start":{"line":20,"column":10},"end":{"line":20,"column":49}},"15":{"start":{"line":22,"column":10},"end":{"line":22,"column":19}},"16":{"start":{"line":24,"column":10},"end":{"line":24,"column":60}},"17":{"start":{"line":29,"column":2},"end":{"line":29,"column":19}}},"fnMap":{"0":{"name":"(anonymous_0)","decl":{"start":{"line":1,"column":23},"end":{"line":1,"column":24}},"loc":{"start":{"line":1,"column":34},"end":{"line":5,"column":1}},"line":1},"1":{"name":"(anonymous_1)","decl":{"start":{"line":7,"column":14},"end":{"line":7,"column":15}},"loc":{"start":{"line":7,"column":24},"end":{"line":30,"column":1}},"line":7},"2":{"name":"(anonymous_2)","decl":{"start":{"line":8,"column":15},"end":{"line":8,"column":16}},"loc":{"start":{"line":8,"column":43},"end":{"line":27,"column":15}},"line":8},"3":{"name":"(anonymous_3)","decl":{"start":{"line":9,"column":13},"end":{"line":9,"column":14}},"loc":{"start":{"line":9,"column":23},"end":{"line":26,"column":5}},"line":9}},"branchMap":{"0":{"loc":{"start":{"line":2,"column":2},"end":{"line":2,"column":35}},"type":"if","locations":[{"start":{"line":2,"column":2},"end":{"line":2,"column":35}},{"start":{},"end":{}}],"line":2},"1":{"loc":{"start":{"line":3,"column":2},"end":{"line":3,"column":57}},"type":"if","locations":[{"start":{"line":3,"column":2},"end":{"line":3,"column":57}},{"start":{},"end":{}}],"line":3},"2":{"loc":{"start":{"line":8,"column":23},"end":{"line":8,"column":38}},"type":"default-arg","locations":[{"start":{"line":8,"column":36},"end":{"line":8,"column":38}}],"line":8},"3":{"loc":{"start":{"line":10,"column":26},"end":{"line":10,"column":77}},"type":"cond-expr","locations":[{"start":{"line":10,"column":39},"end":{"line":10,"column":66}},{"start":{"line":10,"column":69},"end":{"line":10,"column":77}}],"line":10},"4":{"loc":{"start":{"line":12,"column":6},"end":{"line":25,"column":7}},"type":"switch","locations":[{"start":{"line":13,"column":8},"end":{"line":14,"column":96}},{"start":{"line":15,"column":8},"end":{"line":16,"column":56}},{"start":{"line":17,"column":8},"end":{"line":18,"column":128}},{"start":{"line":19,"column":8},"end":{"line":20,"column":49}},{"start":{"line":21,"column":8},"end":{"line":22,"column":19}},{"start":{"line":23,"column":8},"end":{"line":24,"column":60}}],"line":12}},"s":{"0":1,"1":3,"2":0,"3":3,"4":0,"5":3,"6":1,"7":1,"8":1,"9":5,"10":5,"11":1,"12":2,"13":1,"14":0,"15":1,"16":0,"17":1},"f":{"0":3,"1":1,"2":1,"3":5},"b":{"0":[0,3],"1":[0,3],"2":[1],"3":[0,5],"4":[1,2,1,0,1,0]},"inputSourceMap":null,"_coverageSchema":"1a1c01bbd47fc00a2c39e90264f33305004495a9","hash":"7a1b72bf5d66c1683542a9f5417f764c766f1e6e"}
,"/home/vboxuser/qa-auto-engineer-javascript-project-87/src/formatters/stylish.js": {"path":"/home/vboxuser/qa-auto-engineer-javascript-project-87/src/formatters/stylish.js","statementMap":{"0":{"start":{"line":1,"column":25},"end":{"line":8,"column":1}},"1":{"start":{"line":2,"column":2},"end":{"line":6,"column":3}},"2":{"start":{"line":3,"column":19},"end":{"line":3,"column":46}},"3":{"start":{"line":4,"column":20},"end":{"line":4,"column":41}},"4":{"start":{"line":5,"column":4},"end":{"line":5,"column":132}},"5":{"start":{"line":5,"column":41},"end":{"line":5,"column":91}},"6":{"start":{"line":7,"column":2},"end":{"line":7,"column":22}},"7":{"start":{"line":10,"column":16},"end":{"line":35,"column":1}},"8":{"start":{"line":11,"column":15},"end":{"line":32,"column":3}},"9":{"start":{"line":12,"column":19},"end":{"line":12,"column":44}},"10":{"start":{"line":13,"column":4},"end":{"line":31,"column":17}},"11":{"start":{"line":14,"column":6},"end":{"line":30,"column":7}},"12":{"start":{"line":16,"column":10},"end":{"line":16,"column":81}},"13":{"start":{"line":18,"column":10},"end":{"line":18,"column":81}},"14":{"start":{"line":20,"column":10},"end":{"line":23,"column":22}},"15":{"start":{"line":25,"column":10},"end":{"line":25,"column":93}},"16":{"start":{"line":27,"column":10},"end":{"line":27,"column":81}},"17":{"start":{"line":29,"column":10},"end":{"line":29,"column":60}},"18":{"start":{"line":34,"column":2},"end":{"line":34,"column":30}}},"fnMap":{"0":{"name":"(anonymous_0)","decl":{"start":{"line":1,"column":25},"end":{"line":1,"column":26}},"loc":{"start":{"line":1,"column":43},"end":{"line":8,"column":1}},"line":1},"1":{"name":"(anonymous_1)","decl":{"start":{"line":5,"column":29},"end":{"line":5,"column":30}},"loc":{"start":{"line":5,"column":41},"end":{"line":5,"column":91}},"line":5},"2":{"name":"(anonymous_2)","decl":{"start":{"line":10,"column":16},"end":{"line":10,"column":17}},"loc":{"start":{"line":10,"column":26},"end":{"line":35,"column":1}},"line":10},"3":{"name":"(anonymous_3)","decl":{"start":{"line":11,"column":15},"end":{"line":11,"column":16}},"loc":{"start":{"line":11,"column":37},"end":{"line":32,"column":3}},"line":11},"4":{"name":"(anonymous_4)","decl":{"start":{"line":13,"column":21},"end":{"line":13,"column":22}},"loc":{"start":{"line":13,"column":31},"end":{"line":31,"column":5}},"line":13}},"branchMap":{"0":{"loc":{"start":{"line":2,"column":2},"end":{"line":6,"column":3}},"type":"if","locations":[{"start":{"line":2,"column":2},"end":{"line":6,"column":3}},{"start":{},"end":{}}],"line":2},"1":{"loc":{"start":{"line":2,"column":6},"end":{"line":2,"column":49}},"type":"binary-expr","locations":[{"start":{"line":2,"column":6},"end":{"line":2,"column":31}},{"start":{"line":2,"column":35},"end":{"line":2,"column":49}}],"line":2},"2":{"loc":{"start":{"line":11,"column":23},"end":{"line":11,"column":32}},"type":"default-arg","locations":[{"start":{"line":11,"column":31},"end":{"line":11,"column":32}}],"line":11},"3":{"loc":{"start":{"line":14,"column":6},"end":{"line":30,"column":7}},"type":"switch","locations":[{"start":{"line":15,"column":8},"end":{"line":16,"column":81}},{"start":{"line":17,"column":8},"end":{"line":18,"column":81}},{"start":{"line":19,"column":8},"end":{"line":23,"column":22}},{"start":{"line":24,"column":8},"end":{"line":25,"column":93}},{"start":{"line":26,"column":8},"end":{"line":27,"column":81}},{"start":{"line":28,"column":8},"end":{"line":29,"column":60}}],"line":14}},"s":{"0":1,"1":6,"2":0,"3":0,"4":0,"5":0,"6":6,"7":1,"8":1,"9":1,"10":1,"11":5,"12":1,"13":2,"14":1,"15":0,"16":1,"17":0,"18":1},"f":{"0":6,"1":0,"2":1,"3":1,"4":5},"b":{"0":[0,6],"1":[6,0],"2":[1],"3":[1,2,1,0,1,0]},"inputSourceMap":null,"_coverageSchema":"1a1c01bbd47fc00a2c39e90264f33305004495a9","hash":"a6c34632d396c8ee9f3a2343a27b6c31251616a1"}
}
