{"/home/vboxuser/qa-auto-engineer-javascript-project-87/src/buildDiff.js": {"path":"/home/vboxuser/qa-auto-engineer-javascript-project-87/src/buildDiff.js","statementMap":{"0":{"start":{"line":1,"column":18},"end":{"line":29,"column":1}},"1":{"start":{"line":2,"column":15},"end":{"line":2,"column":89}},"2":{"start":{"line":4,"column":2},"end":{"line":28,"column":5}},"3":{"start":{"line":5,"column":19},"end":{"line":5,"column":29}},"4":{"start":{"line":6,"column":19},"end":{"line":6,"column":29}},"5":{"start":{"line":7,"column":17},"end":{"line":7,"column":66}},"6":{"start":{"line":9,"column":4},"end":{"line":11,"column":5}},"7":{"start":{"line":10,"column":6},"end":{"line":10,"column":55}},"8":{"start":{"line":13,"column":4},"end":{"line":15,"column":5}},"9":{"start":{"line":14,"column":6},"end":{"line":14,"column":57}},"10":{"start":{"line":17,"column":24},"end":{"line":17,"column":118}},"11":{"start":{"line":19,"column":4},"end":{"line":21,"column":5}},"12":{"start":{"line":20,"column":6},"end":{"line":20,"column":78}},"13":{"start":{"line":23,"column":4},"end":{"line":25,"column":5}},"14":{"start":{"line":24,"column":6},"end":{"line":24,"column":75}},"15":{"start":{"line":27,"column":4},"end":{"line":27,"column":57}}},"fnMap":{"0":{"name":"(anonymous_0)","decl":{"start":{"line":1,"column":18},"end":{"line":1,"column":19}},"loc":{"start":{"line":1,"column":36},"end":{"line":29,"column":1}},"line":1},"1":{"name":"(anonymous_1)","decl":{"start":{"line":4,"column":18},"end":{"line":4,"column":19}},"loc":{"start":{"line":4,"column":27},"end":{"line":28,"column":3}},"line":4}},"branchMap":{"0":{"loc":{"start":{"line":9,"column":4},"end":{"line":11,"column":5}},"type":"if","locations":[{"start":{"line":9,"column":4},"end":{"line":11,"column":5}},{"start":{},"end":{}}],"line":9},"1":{"loc":{"start":{"line":13,"column":4},"end":{"line":15,"column":5}},"type":"if","locations":[{"start":{"line":13,"column":4},"end":{"line":15,"column":5}},{"start":{},"end":{}}],"line":13},"2":{"loc":{"start":{"line":17,"column":24},"end":{"line":17,"column":118}},"type":"binary-expr","locations":[{"start":{"line":17,"column":24},"end":{"line":17,"column":50}},{"start":{"line":17,"column":54},"end":{"line":17,"column":69}},{"start":{"line":17,"column":73},"end":{"line":17,"column":99}},{"start":{"line":17,"column":103},"end":{"line":17,"column":118}}],"line":17},"3":{"loc":{"start":{"line":19,"column":4},"end":{"line":21,"column":5}},"type":"if","locations":[{"start":{"line":19,"column":4},"end":{"line":21,"column":5}},{"start":{},"end":{}}],"line":19},"4":{"loc":{"start":{"line":23,"column":4},"end":{"line":25,"column":5}},"type":"if","locations":[{"start":{"line":23,"column":4},"end":{"line":25,"column":5}},{"start":{},"end":{}}],"line":23}},"s":{"0":1,"1":4,"2":4,"3":20,"4":20,"5":20,"6":20,"7":4,"8":16,"9":8,"10":8,"11":8,"12":0,"13":8,"14":4,"15":4},"f":{"0":4,"1":20},"b":{"0":[4,16],"1":[8,8],"2":[8,0,0,0],"3":[0,8],"4":[4,4]},"inputSourceMap":null,"_coverageSchema":"1a1c01bbd47fc00a2c39e90264f33305004495a9","hash":"ce044336946cecf6f8da74d572d873eb61a28f12"}
,"/home/vboxuser/qa-auto-engineer-javascript-project-87/src/genDiff.js": {"path":"/home/vboxuser/qa-auto-engineer-javascript-project-87/src/genDiff.js","statementMap":{"0":{"start":{"line":5,"column":16},"end":{"line":11,"column":1}},"1":{"start":{"line":6,"column":16},"end":{"line":6,"column":40}},"2":{"start":{"line":7,"column":16},"end":{"line":7,"column":40}},"3":{"start":{"line":8,"column":15},"end":{"line":8,"column":38}},"4":{"start":{"line":10,"column":2},"end":{"line":10,"column":33}}},"fnMap":{"0":{"name":"(anonymous_0)","decl":{"start":{"line":5,"column":16},"end":{"line":5,"column":17}},"loc":{"start":{"line":5,"column":66},"end":{"line":11,"column":1}},"line":5}},"branchMap":{"0":{"loc":{"start":{"line":5,"column":39},"end":{"line":5,"column":61}},"type":"default-arg","locations":[{"start":{"line":5,"column":52},"end":{"line":5,"column":61}}],"line":5}},"s":{"0":1,"1":4,"2":4,"3":4,"4":4},"f":{"0":4},"b":{"0":[1]},"inputSourceMap":null,"_coverageSchema":"1a1c01bbd47fc00a2c39e90264f33305004495a9","hash":"15c39dc28a706845d09099301522a689f8fbc02d"}
,"/home/vboxuser/qa-auto-engineer-javascript-project-87/src/getParsedFile.js": {"path":"/home/vboxuser/qa-auto-engineer-javascript-project-87/src/getParsedFile.js","statementMap":{"0":{"start":{"line":5,"column":22},"end":{"line":9,"column":1}},"1":{"start":{"line":6,"column":18},"end":{"line":6,"column":52}},"2":{"start":{"line":7,"column":14},"end":{"line":7,"column":45}},"3":{"start":{"line":8,"column":2},"end":{"line":8,"column":28}}},"fnMap":{"0":{"name":"(anonymous_0)","decl":{"start":{"line":5,"column":22},"end":{"line":5,"column":23}},"loc":{"start":{"line":5,"column":36},"end":{"line":9,"column":1}},"line":5}},"branchMap":{},"s":{"0":1,"1":8,"2":8,"3":8},"f":{"0":8},"b":{},"inputSourceMap":null,"_coverageSchema":"1a1c01bbd47fc00a2c39e90264f33305004495a9","hash":"64b78de59e0d78b18dc42dcb8b1c42111bf9845f"}
,"/home/vboxuser/qa-auto-engineer-javascript-project-87/src/parsers.js": {"path":"/home/vboxuser/qa-auto-engineer-javascript-project-87/src/parsers.js","statementMap":{"0":{"start":{"line":3,"column":16},"end":{"line":7,"column":1}},"1":{"start":{"line":9,"column":14},"end":{"line":15,"column":1}},"2":{"start":{"line":10,"column":17},"end":{"line":10,"column":32}},"3":{"start":{"line":11,"column":2},"end":{"line":13,"column":3}},"4":{"start":{"line":12,"column":4},"end":{"line":12,"column":48}},"5":{"start":{"line":14,"column":2},"end":{"line":14,"column":21}}},"fnMap":{"0":{"name":"(anonymous_0)","decl":{"start":{"line":9,"column":14},"end":{"line":9,"column":15}},"loc":{"start":{"line":9,"column":32},"end":{"line":15,"column":1}},"line":9}},"branchMap":{"0":{"loc":{"start":{"line":11,"column":2},"end":{"line":13,"column":3}},"type":"if","locations":[{"start":{"line":11,"column":2},"end":{"line":13,"column":3}},{"start":{},"end":{}}],"line":11}},"s":{"0":1,"1":1,"2":8,"3":8,"4":0,"5":8},"f":{"0":8},"b":{"0":[0,8]},"inputSourceMap":null,"_coverageSchema":"1a1c01bbd47fc00a2c39e90264f33305004495a9","hash":"6d898ac6778e504de4eb5ab4faa18ea57f189324"}
,"/home/vboxuser/qa-auto-engineer-javascript-project-87/src/formatters/index.js": {"path":"/home/vboxuser/qa-auto-engineer-javascript-project-87/src/formatters/index.js","statementMap":{"0":{"start":{"line":5,"column":19},"end":{"line":5,"column":43}},"1":{"start":{"line":7,"column":15},"end":{"line":13,"column":1}},"2":{"start":{"line":8,"column":20},"end":{"line":8,"column":42}},"3":{"start":{"line":9,"column":2},"end":{"line":11,"column":3}},"4":{"start":{"line":10,"column":4},"end":{"line":10,"column":52}},"5":{"start":{"line":12,"column":2},"end":{"line":12,"column":24}}},"fnMap":{"0":{"name":"(anonymous_0)","decl":{"start":{"line":7,"column":15},"end":{"line":7,"column":16}},"loc":{"start":{"line":7,"column":49},"end":{"line":13,"column":1}},"line":7}},"branchMap":{"0":{"loc":{"start":{"line":7,"column":22},"end":{"line":7,"column":44}},"type":"default-arg","locations":[{"start":{"line":7,"column":35},"end":{"line":7,"column":44}}],"line":7},"1":{"loc":{"start":{"line":9,"column":2},"end":{"line":11,"column":3}},"type":"if","locations":[{"start":{"line":9,"column":2},"end":{"line":11,"column":3}},{"start":{},"end":{}}],"line":9}},"s":{"0":1,"1":1,"2":4,"3":4,"4":1,"5":3},"f":{"0":4},"b":{"0":[0],"1":[1,3]},"inputSourceMap":null,"_coverageSchema":"1a1c01bbd47fc00a2c39e90264f33305004495a9","hash":"79b00f729dcc4537a9e61c537b1fce877a17f92d"}
,"/home/vboxuser/qa-auto-engineer-javascript-project-87/src/formatters/json.js": {"path":"/home/vboxuser/qa-auto-engineer-javascript-project-87/src/formatters/json.js","statementMap":{"0":{"start":{"line":1,"column":13},"end":{"line":1,"column":50}},"1":{"start":{"line":1,"column":21},"end":{"line":1,"column":50}}},"fnMap":{"0":{"name":"(anonymous_0)","decl":{"start":{"line":1,"column":13},"end":{"line":1,"column":14}},"loc":{"start":{"line":1,"column":21},"end":{"line":1,"column":50}},"line":1}},"branchMap":{},"s":{"0":1,"1":1},"f":{"0":1},"b":{},"inputSourceMap":null,"_coverageSchema":"1a1c01bbd47fc00a2c39e90264f33305004495a9","hash":"196d4883c8083922f523212f90c2140425826e3e"}
,"/home/vboxuser/qa-auto-engineer-javascript-project-87/src/formatters/plain.js": {"path":"/home/vboxuser/qa-auto-engineer-javascript-project-87/src/formatters/plain.js","statementMap":{"0":{"start":{"line":1,"column":23},"end":{"line":5,"column":1}},"1":{"start":{"line":2,"column":2},"end":{"line":2,"column":35}},"2":{"start":{"line":2,"column":22},"end":{"line":2,"column":35}},"3":{"start":{"line":3,"column":2},"end":{"line":3,"column":57}},"4":{"start":{"line":3,"column":33},"end":{"line":3,"column":57}},"5":{"start":{"line":4,"column":2},"end":{"line":4,"column":22}},"6":{"start":{"line":7,"column":14},"end":{"line":30,"column":1}},"7":{"start":{"line":8,"column":15},"end":{"line":27,"column":15}},"8":{"start":{"line":8,"column":43},"end":{"line":27,"column":15}},"9":{"start":{"line":10,"column":26},"end":{"line":10,"column":67}},"10":{"start":{"line":12,"column":6},"end":{"line":25,"column":7}},"11":{"start":{"line":14,"column":10},"end":{"line":14,"column":91}},"12":{"start":{"line":16,"column":10},"end":{"line":16,"column":56}},"13":{"start":{"line":18,"column":10},"end":{"line":18,"column":118}},"14":{"start":{"line":20,"column":10},"end":{"line":20,"column":44}},"15":{"start":{"line":22,"column":10},"end":{"line":22,"column":19}},"16":{"start":{"line":24,"column":10},"end":{"line":24,"column":55}},"17":{"start":{"line":29,"column":2},"end":{"line":29,"column":19}}},"fnMap":{"0":{"name":"(anonymous_0)","decl":{"start":{"line":1,"column":23},"end":{"line":1,"column":24}},"loc":{"start":{"line":1,"column":34},"end":{"line":5,"column":1}},"line":1},"1":{"name":"(anonymous_1)","decl":{"start":{"line":7,"column":14},"end":{"line":7,"column":15}},"loc":{"start":{"line":7,"column":24},"end":{"line":30,"column":1}},"line":7},"2":{"name":"(anonymous_2)","decl":{"start":{"line":8,"column":15},"end":{"line":8,"column":16}},"loc":{"start":{"line":8,"column":43},"end":{"line":27,"column":15}},"line":8},"3":{"name":"(anonymous_3)","decl":{"start":{"line":9,"column":13},"end":{"line":9,"column":14}},"loc":{"start":{"line":9,"column":59},"end":{"line":26,"column":5}},"line":9}},"branchMap":{"0":{"loc":{"start":{"line":2,"column":2},"end":{"line":2,"column":35}},"type":"if","locations":[{"start":{"line":2,"column":2},"end":{"line":2,"column":35}},{"start":{},"end":{}}],"line":2},"1":{"loc":{"start":{"line":3,"column":2},"end":{"line":3,"column":57}},"type":"if","locations":[{"start":{"line":3,"column":2},"end":{"line":3,"column":57}},{"start":{},"end":{}}],"line":3},"2":{"loc":{"start":{"line":8,"column":23},"end":{"line":8,"column":38}},"type":"default-arg","locations":[{"start":{"line":8,"column":36},"end":{"line":8,"column":38}}],"line":8},"3":{"loc":{"start":{"line":10,"column":26},"end":{"line":10,"column":67}},"type":"cond-expr","locations":[{"start":{"line":10,"column":39},"end":{"line":10,"column":61}},{"start":{"line":10,"column":64},"end":{"line":10,"column":67}}],"line":10},"4":{"loc":{"start":{"line":12,"column":6},"end":{"line":25,"column":7}},"type":"switch","locations":[{"start":{"line":13,"column":8},"end":{"line":14,"column":91}},{"start":{"line":15,"column":8},"end":{"line":16,"column":56}},{"start":{"line":17,"column":8},"end":{"line":18,"column":118}},{"start":{"line":19,"column":8},"end":{"line":20,"column":44}},{"start":{"line":21,"column":8},"end":{"line":22,"column":19}},{"start":{"line":23,"column":8},"end":{"line":24,"column":55}}],"line":12}},"s":{"0":1,"1":3,"2":0,"3":3,"4":0,"5":3,"6":1,"7":1,"8":1,"9":5,"10":5,"11":1,"12":2,"13":1,"14":0,"15":1,"16":0,"17":1},"f":{"0":3,"1":1,"2":1,"3":5},"b":{"0":[0,3],"1":[0,3],"2":[1],"3":[0,5],"4":[1,2,1,0,1,0]},"inputSourceMap":null,"_coverageSchema":"1a1c01bbd47fc00a2c39e90264f33305004495a9","hash":"f9a4c7eaf037955c7cc9fee78c8408bc5d87fb7a"}
,"/home/vboxuser/qa-auto-engineer-javascript-project-87/src/formatters/stylish.js": {"path":"/home/vboxuser/qa-auto-engineer-javascript-project-87/src/formatters/stylish.js","statementMap":{"0":{"start":{"line":1,"column":25},"end":{"line":9,"column":1}},"1":{"start":{"line":2,"column":2},"end":{"line":7,"column":3}},"2":{"start":{"line":3,"column":19},"end":{"line":3,"column":46}},"3":{"start":{"line":4,"column":20},"end":{"line":4,"column":41}},"4":{"start":{"line":5,"column":18},"end":{"line":5,"column":93}},"5":{"start":{"line":5,"column":42},"end":{"line":5,"column":92}},"6":{"start":{"line":6,"column":4},"end":{"line":6,"column":62}},"7":{"start":{"line":8,"column":2},"end":{"line":8,"column":22}},"8":{"start":{"line":11,"column":16},"end":{"line":37,"column":1}},"9":{"start":{"line":12,"column":15},"end":{"line":34,"column":3}},"10":{"start":{"line":13,"column":19},"end":{"line":13,"column":44}},"11":{"start":{"line":14,"column":4},"end":{"line":33,"column":17}},"12":{"start":{"line":15,"column":18},"end":{"line":15,"column":43}},"13":{"start":{"line":16,"column":6},"end":{"line":32,"column":7}},"14":{"start":{"line":18,"column":10},"end":{"line":18,"column":81}},"15":{"start":{"line":20,"column":10},"end":{"line":20,"column":81}},"16":{"start":{"line":22,"column":26},"end":{"line":22,"column":93}},"17":{"start":{"line":23,"column":26},"end":{"line":23,"column":90}},"18":{"start":{"line":24,"column":10},"end":{"line":24,"column":46}},"19":{"start":{"line":27,"column":10},"end":{"line":27,"column":76}},"20":{"start":{"line":29,"column":10},"end":{"line":29,"column":64}},"21":{"start":{"line":31,"column":10},"end":{"line":31,"column":60}},"22":{"start":{"line":36,"column":2},"end":{"line":36,"column":30}}},"fnMap":{"0":{"name":"(anonymous_0)","decl":{"start":{"line":1,"column":25},"end":{"line":1,"column":26}},"loc":{"start":{"line":1,"column":43},"end":{"line":9,"column":1}},"line":1},"1":{"name":"(anonymous_1)","decl":{"start":{"line":5,"column":30},"end":{"line":5,"column":31}},"loc":{"start":{"line":5,"column":42},"end":{"line":5,"column":92}},"line":5},"2":{"name":"(anonymous_2)","decl":{"start":{"line":11,"column":16},"end":{"line":11,"column":17}},"loc":{"start":{"line":11,"column":26},"end":{"line":37,"column":1}},"line":11},"3":{"name":"(anonymous_3)","decl":{"start":{"line":12,"column":15},"end":{"line":12,"column":16}},"loc":{"start":{"line":12,"column":37},"end":{"line":34,"column":3}},"line":12},"4":{"name":"(anonymous_4)","decl":{"start":{"line":14,"column":21},"end":{"line":14,"column":22}},"loc":{"start":{"line":14,"column":31},"end":{"line":33,"column":5}},"line":14}},"branchMap":{"0":{"loc":{"start":{"line":2,"column":2},"end":{"line":7,"column":3}},"type":"if","locations":[{"start":{"line":2,"column":2},"end":{"line":7,"column":3}},{"start":{},"end":{}}],"line":2},"1":{"loc":{"start":{"line":2,"column":6},"end":{"line":2,"column":49}},"type":"binary-expr","locations":[{"start":{"line":2,"column":6},"end":{"line":2,"column":31}},{"start":{"line":2,"column":35},"end":{"line":2,"column":49}}],"line":2},"2":{"loc":{"start":{"line":12,"column":23},"end":{"line":12,"column":32}},"type":"default-arg","locations":[{"start":{"line":12,"column":31},"end":{"line":12,"column":32}}],"line":12},"3":{"loc":{"start":{"line":16,"column":6},"end":{"line":32,"column":7}},"type":"switch","locations":[{"start":{"line":17,"column":8},"end":{"line":18,"column":81}},{"start":{"line":19,"column":8},"end":{"line":20,"column":81}},{"start":{"line":21,"column":8},"end":{"line":25,"column":9}},{"start":{"line":26,"column":8},"end":{"line":27,"column":76}},{"start":{"line":28,"column":8},"end":{"line":29,"column":64}},{"start":{"line":30,"column":8},"end":{"line":31,"column":60}}],"line":16}},"s":{"0":1,"1":6,"2":0,"3":0,"4":0,"5":0,"6":0,"7":6,"8":1,"9":1,"10":1,"11":1,"12":5,"13":5,"14":1,"15":2,"16":1,"17":1,"18":1,"19":0,"20":1,"21":0,"22":1},"f":{"0":6,"1":0,"2":1,"3":1,"4":5},"b":{"0":[0,6],"1":[6,0],"2":[1],"3":[1,2,1,0,1,0]},"inputSourceMap":null,"_coverageSchema":"1a1c01bbd47fc00a2c39e90264f33305004495a9","hash":"9b62a9c5927b1d2e9908402ada63b1bc83c8e012"}
}
