TN:
SF:src/buildDiff.js
FN:1,(anonymous_0)
FN:4,(anonymous_1)
FNF:2
FNH:2
FNDA:3,(anonymous_0)
FNDA:15,(anonymous_1)
DA:1,1
DA:2,3
DA:4,3
DA:5,15
DA:6,3
DA:13,12
DA:14,6
DA:21,6
DA:22,6
DA:24,6
DA:30,0
DA:37,6
DA:38,3
DA:46,3
LF:14
LH:13
BRDA:5,0,0,3
BRDA:5,0,1,12
BRDA:13,1,0,6
BRDA:13,1,1,6
BRDA:24,2,0,0
BRDA:24,2,1,6
BRDA:25,3,0,6
BRDA:25,3,1,0
BRDA:25,3,2,0
BRDA:25,3,3,0
BRDA:37,4,0,3
BRDA:37,4,1,3
BRF:12
BRH:8
end_of_record
TN:
SF:src/genDiff.js
FN:4,(anonymous_0)
FN:10,(anonymous_1)
FN:14,(anonymous_2)
FN:20,(anonymous_3)
FN:21,(anonymous_4)
FN:22,(anonymous_5)
FN:45,(anonymous_6)
FN:46,(anonymous_7)
FN:48,(anonymous_8)
FN:72,(anonymous_9)
FN:75,(anonymous_10)
FNF:11
FNH:10
FNDA:3,(anonymous_0)
FNDA:6,(anonymous_1)
FNDA:0,(anonymous_2)
FNDA:1,(anonymous_3)
FNDA:1,(anonymous_4)
FNDA:5,(anonymous_5)
FNDA:1,(anonymous_6)
FNDA:1,(anonymous_7)
FNDA:5,(anonymous_8)
FNDA:1,(anonymous_9)
FNDA:4,(anonymous_10)
DA:4,1
DA:5,3
DA:6,3
DA:7,3
DA:10,1
DA:11,6
DA:12,0
DA:13,0
DA:14,0
DA:16,6
DA:19,1
DA:21,1
DA:23,5
DA:25,5
DA:27,1
DA:29,2
DA:31,1
DA:33,0
DA:35,1
DA:37,0
DA:42,1
DA:46,1
DA:47,1
DA:48,1
DA:49,5
DA:51,1
DA:53,2
DA:55,1
DA:60,0
DA:62,1
DA:64,0
DA:69,1
DA:72,1
DA:75,1
DA:76,4
DA:77,1
DA:80,3
DA:81,3
DA:83,3
DA:85,3
LF:40
LH:33
BRDA:5,0,0,0
BRDA:5,0,1,3
BRDA:6,1,0,0
BRDA:6,1,1,3
BRDA:11,2,0,0
BRDA:11,2,1,6
BRDA:11,3,0,6
BRDA:11,3,1,0
BRDA:21,4,0,1
BRDA:23,5,0,0
BRDA:23,5,1,5
BRDA:25,6,0,1
BRDA:25,6,1,2
BRDA:25,6,2,1
BRDA:25,6,3,0
BRDA:25,6,4,1
BRDA:25,6,5,0
BRDA:46,7,0,1
BRDA:49,8,0,1
BRDA:49,8,1,2
BRDA:49,8,2,1
BRDA:49,8,3,0
BRDA:49,8,4,1
BRDA:49,8,5,0
BRDA:75,9,0,1
BRDA:76,10,0,1
BRDA:76,10,1,3
BRF:27
BRH:18
end_of_record
TN:
SF:src/getParsedFile.js
FN:5,(anonymous_0)
FNF:1
FNH:1
FNDA:6,(anonymous_0)
DA:5,1
DA:6,6
DA:7,6
DA:8,6
DA:10,6
LF:5
LH:5
BRF:0
BRH:0
end_of_record
TN:
SF:src/parsers.js
FN:3,(anonymous_0)
FNF:1
FNH:1
FNDA:6,(anonymous_0)
DA:3,1
DA:4,6
DA:6,6
DA:9,0
DA:11,0
LF:5
LH:3
BRDA:4,0,0,6
BRDA:4,0,1,0
BRDA:4,0,2,0
BRDA:4,0,3,0
BRF:4
BRH:1
end_of_record
