TN:
SF:src/buildDiff.js
FN:1,(anonymous_0)
FN:5,(anonymous_1)
FN:13,(anonymous_2)
FN:15,(anonymous_3)
FN:27,(anonymous_4)
FN:30,(anonymous_5)
FN:40,(anonymous_6)
FN:43,(anonymous_7)
FNF:8
FNH:6
FNDA:4,(anonymous_0)
FNDA:20,(anonymous_1)
FNDA:20,(anonymous_2)
FNDA:0,(anonymous_3)
FNDA:0,(anonymous_4)
FNDA:20,(anonymous_5)
FNDA:4,(anonymous_6)
FNDA:20,(anonymous_7)
DA:1,1
DA:2,4
DA:5,20
DA:13,20
DA:15,1
DA:16,0
DA:17,0
DA:19,0
DA:20,0
DA:22,0
DA:23,0
DA:24,0
DA:25,0
DA:27,0
DA:30,1
DA:31,20
DA:32,20
DA:34,20
DA:40,1
DA:41,4
DA:43,4
DA:44,20
DA:45,20
DA:46,20
DA:48,20
DA:49,4
DA:52,16
DA:53,8
DA:56,8
DA:57,0
DA:60,8
DA:61,4
DA:64,4
LF:33
LH:23
BRDA:13,0,0,20
BRDA:13,0,1,0
BRDA:16,1,0,0
BRDA:16,1,1,0
BRDA:19,2,0,0
BRDA:19,2,1,0
BRDA:19,3,0,0
BRDA:19,3,1,0
BRDA:24,4,0,0
BRDA:24,4,1,0
BRDA:27,5,0,0
BRDA:27,5,1,0
BRDA:31,6,0,20
BRDA:31,6,1,0
BRDA:32,7,0,0
BRDA:32,7,1,20
BRDA:48,8,0,4
BRDA:48,8,1,16
BRDA:52,9,0,8
BRDA:52,9,1,8
BRDA:56,10,0,0
BRDA:56,10,1,8
BRDA:60,11,0,4
BRDA:60,11,1,4
BRF:24
BRH:10
end_of_record
TN:
SF:src/genDiff.js
FN:5,(anonymous_0)
FNF:1
FNH:1
FNDA:4,(anonymous_0)
DA:5,1
DA:6,4
DA:7,4
DA:8,4
DA:10,4
LF:5
LH:5
BRDA:5,0,0,1
BRF:1
BRH:1
end_of_record
TN:
SF:src/getParsedFile.js
FN:5,(anonymous_0)
FNF:1
FNH:1
FNDA:8,(anonymous_0)
DA:5,1
DA:6,8
DA:7,8
DA:8,8
LF:4
LH:4
BRF:0
BRH:0
end_of_record
TN:
SF:src/parsers.js
FN:9,(anonymous_0)
FNF:1
FNH:1
FNDA:8,(anonymous_0)
DA:3,1
DA:9,1
DA:10,8
DA:11,8
DA:12,0
DA:14,8
LF:6
LH:5
BRDA:11,0,0,0
BRDA:11,0,1,8
BRF:2
BRH:1
end_of_record
TN:
SF:src/formatters/index.js
FN:7,(anonymous_0)
FNF:1
FNH:1
FNDA:4,(anonymous_0)
DA:5,1
DA:7,1
DA:8,4
DA:9,4
DA:10,1
DA:12,3
LF:6
LH:6
BRDA:7,0,0,0
BRDA:9,1,0,1
BRDA:9,1,1,3
BRF:3
BRH:2
end_of_record
TN:
SF:src/formatters/json.js
FN:1,(anonymous_0)
FNF:1
FNH:1
FNDA:1,(anonymous_0)
DA:1,1
LF:1
LH:1
BRF:0
BRH:0
end_of_record
TN:
SF:src/formatters/plain.js
FN:1,(anonymous_0)
FN:7,(anonymous_1)
FN:11,(anonymous_2)
FN:12,(anonymous_3)
FN:13,(anonymous_4)
FN:15,(anonymous_5)
FN:16,(anonymous_6)
FN:19,(anonymous_7)
FN:20,(anonymous_8)
FN:21,(anonymous_9)
FNF:10
FNH:9
FNDA:3,(anonymous_0)
FNDA:5,(anonymous_1)
FNDA:1,(anonymous_2)
FNDA:2,(anonymous_3)
FNDA:1,(anonymous_4)
FNDA:0,(anonymous_5)
FNDA:1,(anonymous_6)
FNDA:1,(anonymous_7)
FNDA:1,(anonymous_8)
FNDA:5,(anonymous_9)
DA:1,1
DA:2,3
DA:3,3
DA:4,3
DA:7,1
DA:8,5
DA:10,1
DA:11,1
DA:12,2
DA:14,1
DA:15,0
DA:16,1
DA:19,1
DA:20,1
DA:22,5
DA:23,5
DA:25,5
DA:26,0
DA:29,5
DA:33,1
LF:20
LH:18
BRDA:2,0,0,0
BRDA:2,0,1,3
BRDA:3,1,0,0
BRDA:3,1,1,3
BRDA:3,2,0,3
BRDA:3,2,1,0
BRDA:8,3,0,0
BRDA:8,3,1,5
BRDA:20,4,0,1
BRDA:25,5,0,0
BRDA:25,5,1,5
BRF:11
BRH:6
end_of_record
TN:
SF:src/formatters/stylish.js
FN:4,(anonymous_0)
FN:6,(anonymous_1)
FN:12,(anonymous_2)
FN:18,(anonymous_3)
FN:21,(anonymous_4)
FN:43,(anonymous_5)
FN:44,(anonymous_6)
FN:44,(anonymous_7)
FNF:8
FNH:7
FNDA:6,(anonymous_0)
FNDA:6,(anonymous_1)
FNDA:0,(anonymous_2)
FNDA:6,(anonymous_3)
FNDA:5,(anonymous_4)
FNDA:1,(anonymous_5)
FNDA:1,(anonymous_6)
FNDA:5,(anonymous_7)
DA:1,1
DA:2,1
DA:4,6
DA:6,1
DA:7,6
DA:8,6
DA:11,0
DA:12,0
DA:15,0
DA:18,1
DA:19,6
DA:21,1
DA:22,5
DA:24,5
DA:26,1
DA:28,2
DA:30,1
DA:32,1
DA:37,0
DA:39,0
DA:43,1
DA:44,5
DA:45,1
LF:23
LH:18
BRDA:4,0,0,0
BRDA:7,1,0,6
BRDA:7,1,1,0
BRDA:7,2,0,6
BRDA:7,2,1,6
BRDA:24,3,0,1
BRDA:24,3,1,2
BRDA:24,3,2,1
BRDA:24,3,3,1
BRDA:24,3,4,0
BRDA:24,3,5,0
BRDA:44,4,0,1
BRF:12
BRH:8
end_of_record
